[1.281s] Invoking command in '/home/el-system/swarm/src/control': PYTHONPATH=/home/el-system/swarm/build/control/prefix_override:/usr/lib/python3/dist-packages/colcon_core/task/python/colcon_distutils_commands:/home/el-system/swarm/install/control/lib/python3.10/site-packages:${PYTHONPATH} /usr/bin/python3 -W ignore:setup.py install is deprecated -W ignore:easy_install command is deprecated setup.py egg_info --egg-base ../../build/control build --build-base /home/el-system/swarm/build/control/build install --record /home/el-system/swarm/build/control/install.log --single-version-externally-managed install_data
[1.683s] running egg_info
[1.706s] writing ../../build/control/control.egg-info/PKG-INFO
[1.714s] writing dependency_links to ../../build/control/control.egg-info/dependency_links.txt
[1.714s] writing entry points to ../../build/control/control.egg-info/entry_points.txt
[1.715s] writing requirements to ../../build/control/control.egg-info/requires.txt
[1.715s] writing top-level names to ../../build/control/control.egg-info/top_level.txt
[1.777s] reading manifest file '../../build/control/control.egg-info/SOURCES.txt'
[1.779s] writing manifest file '../../build/control/control.egg-info/SOURCES.txt'
[1.779s] running build
[1.779s] running build_py
[1.779s] copying control/__init__.py -> /home/el-system/swarm/build/control/build/lib/control
[1.780s] copying control/control1.py -> /home/el-system/swarm/build/control/build/lib/control
[1.780s] copying control/control3.py -> /home/el-system/swarm/build/control/build/lib/control
[1.781s] copying control/control2.py -> /home/el-system/swarm/build/control/build/lib/control
[1.781s] copying control/utils/__init__.py -> /home/el-system/swarm/build/control/build/lib/control/utils
[1.781s] copying control/utils/control_.py -> /home/el-system/swarm/build/control/build/lib/control/utils
[1.782s] running install
[1.787s] running install_lib
[1.812s] copying /home/el-system/swarm/build/control/build/lib/control/control1.py -> /home/el-system/swarm/install/control/lib/python3.10/site-packages/control
[1.813s] copying /home/el-system/swarm/build/control/build/lib/control/control3.py -> /home/el-system/swarm/install/control/lib/python3.10/site-packages/control
[1.813s] copying /home/el-system/swarm/build/control/build/lib/control/control2.py -> /home/el-system/swarm/install/control/lib/python3.10/site-packages/control
[1.814s] byte-compiling /home/el-system/swarm/install/control/lib/python3.10/site-packages/control/control1.py to control1.cpython-310.pyc
[1.815s] byte-compiling /home/el-system/swarm/install/control/lib/python3.10/site-packages/control/control3.py to control3.cpython-310.pyc
[1.816s] byte-compiling /home/el-system/swarm/install/control/lib/python3.10/site-packages/control/control2.py to control2.cpython-310.pyc
[1.817s] running install_data
[1.818s] copying resource/control -> /home/el-system/swarm/install/control/share/ament_index/resource_index/packages
[1.818s] copying package.xml -> /home/el-system/swarm/install/control/share/control
[1.818s] running install_egg_info
[1.846s] removing '/home/el-system/swarm/install/control/lib/python3.10/site-packages/control-0.0.0-py3.10.egg-info' (and everything under it)
[1.847s] Copying ../../build/control/control.egg-info to /home/el-system/swarm/install/control/lib/python3.10/site-packages/control-0.0.0-py3.10.egg-info
[1.848s] running install_scripts
[1.915s] Installing control1 script to /home/el-system/swarm/install/control/lib/control
[1.915s] Installing control2 script to /home/el-system/swarm/install/control/lib/control
[1.915s] Installing control3 script to /home/el-system/swarm/install/control/lib/control
[1.916s] writing list of installed files to '/home/el-system/swarm/build/control/install.log'
[1.960s] Invoked command in '/home/el-system/swarm/src/control' returned '0': PYTHONPATH=/home/el-system/swarm/build/control/prefix_override:/usr/lib/python3/dist-packages/colcon_core/task/python/colcon_distutils_commands:/home/el-system/swarm/install/control/lib/python3.10/site-packages:${PYTHONPATH} /usr/bin/python3 -W ignore:setup.py install is deprecated -W ignore:easy_install command is deprecated setup.py egg_info --egg-base ../../build/control build --build-base /home/el-system/swarm/build/control/build install --record /home/el-system/swarm/build/control/install.log --single-version-externally-managed install_data
