[1.359s] Invoking command in '/home/el-system/swarm/src/control': PYTHONPATH=/home/el-system/swarm/build/control/prefix_override:/usr/lib/python3/dist-packages/colcon_core/task/python/colcon_distutils_commands:/home/el-system/swarm/install/control/lib/python3.10/site-packages:${PYTHONPATH} /usr/bin/python3 -W ignore:setup.py install is deprecated -W ignore:easy_install command is deprecated setup.py egg_info --egg-base ../../build/control build --build-base /home/el-system/swarm/build/control/build install --record /home/el-system/swarm/build/control/install.log --single-version-externally-managed install_data
[1.868s] running egg_info
[1.895s] writing ../../build/control/control.egg-info/PKG-INFO
[1.896s] writing dependency_links to ../../build/control/control.egg-info/dependency_links.txt
[1.896s] writing entry points to ../../build/control/control.egg-info/entry_points.txt
[1.897s] writing requirements to ../../build/control/control.egg-info/requires.txt
[1.897s] writing top-level names to ../../build/control/control.egg-info/top_level.txt
[1.954s] reading manifest file '../../build/control/control.egg-info/SOURCES.txt'
[1.956s] writing manifest file '../../build/control/control.egg-info/SOURCES.txt'
[1.957s] running build
[1.957s] running build_py
[1.958s] copying control/__init__.py -> /home/el-system/swarm/build/control/build/lib/control
[1.958s] copying control/control1.py -> /home/el-system/swarm/build/control/build/lib/control
[1.958s] copying control/control3.py -> /home/el-system/swarm/build/control/build/lib/control
[1.958s] copying control/control2.py -> /home/el-system/swarm/build/control/build/lib/control
[1.959s] copying control/utils/__init__.py -> /home/el-system/swarm/build/control/build/lib/control/utils
[1.959s] copying control/utils/control_.py -> /home/el-system/swarm/build/control/build/lib/control/utils
[1.959s] running install
[1.967s] running install_lib
[1.998s] running install_data
[1.998s] copying resource/control -> /home/el-system/swarm/install/control/share/ament_index/resource_index/packages
[2.000s] copying package.xml -> /home/el-system/swarm/install/control/share/control
[2.000s] running install_egg_info
[2.034s] removing '/home/el-system/swarm/install/control/lib/python3.10/site-packages/control-0.0.0-py3.10.egg-info' (and everything under it)
[2.035s] Copying ../../build/control/control.egg-info to /home/el-system/swarm/install/control/lib/python3.10/site-packages/control-0.0.0-py3.10.egg-info
[2.037s] running install_scripts
[2.106s] Installing control1 script to /home/el-system/swarm/install/control/lib/control
[2.106s] Installing control2 script to /home/el-system/swarm/install/control/lib/control
[2.107s] Installing control3 script to /home/el-system/swarm/install/control/lib/control
[2.108s] writing list of installed files to '/home/el-system/swarm/build/control/install.log'
[2.153s] Invoked command in '/home/el-system/swarm/src/control' returned '0': PYTHONPATH=/home/el-system/swarm/build/control/prefix_override:/usr/lib/python3/dist-packages/colcon_core/task/python/colcon_distutils_commands:/home/el-system/swarm/install/control/lib/python3.10/site-packages:${PYTHONPATH} /usr/bin/python3 -W ignore:setup.py install is deprecated -W ignore:easy_install command is deprecated setup.py egg_info --egg-base ../../build/control build --build-base /home/el-system/swarm/build/control/build install --record /home/el-system/swarm/build/control/install.log --single-version-externally-managed install_data
