[1.305s] Invoking command in '/home/el-system/swarm/src/control': PYTHONPATH=/home/el-system/swarm/build/control/prefix_override:/usr/lib/python3/dist-packages/colcon_core/task/python/colcon_distutils_commands:/home/el-system/swarm/install/control/lib/python3.10/site-packages:${PYTHONPATH} /usr/bin/python3 -W ignore:setup.py install is deprecated -W ignore:easy_install command is deprecated setup.py egg_info --egg-base ../../build/control build --build-base /home/el-system/swarm/build/control/build install --record /home/el-system/swarm/build/control/install.log --single-version-externally-managed install_data
[1.743s] running egg_info
[1.769s] writing ../../build/control/control.egg-info/PKG-INFO
[1.770s] writing dependency_links to ../../build/control/control.egg-info/dependency_links.txt
[1.770s] writing entry points to ../../build/control/control.egg-info/entry_points.txt
[1.771s] writing requirements to ../../build/control/control.egg-info/requires.txt
[1.771s] writing top-level names to ../../build/control/control.egg-info/top_level.txt
[1.834s] reading manifest file '../../build/control/control.egg-info/SOURCES.txt'
[1.836s] writing manifest file '../../build/control/control.egg-info/SOURCES.txt'
[1.836s] running build
[1.837s] running build_py
[1.837s] copying control/__init__.py -> /home/el-system/swarm/build/control/build/lib/control
[1.837s] copying control/control1.py -> /home/el-system/swarm/build/control/build/lib/control
[1.837s] copying control/control3.py -> /home/el-system/swarm/build/control/build/lib/control
[1.838s] copying control/control2.py -> /home/el-system/swarm/build/control/build/lib/control
[1.838s] creating /home/el-system/swarm/build/control/build/lib/control/utils
[1.838s] copying control/utils/__init__.py -> /home/el-system/swarm/build/control/build/lib/control/utils
[1.838s] copying control/utils/control_.py -> /home/el-system/swarm/build/control/build/lib/control/utils
[1.839s] running install
[1.845s] running install_lib
[1.872s] copying /home/el-system/swarm/build/control/build/lib/control/control1.py -> /home/el-system/swarm/install/control/lib/python3.10/site-packages/control
[1.873s] copying /home/el-system/swarm/build/control/build/lib/control/control3.py -> /home/el-system/swarm/install/control/lib/python3.10/site-packages/control
[1.873s] creating /home/el-system/swarm/install/control/lib/python3.10/site-packages/control/utils
[1.873s] copying /home/el-system/swarm/build/control/build/lib/control/utils/__init__.py -> /home/el-system/swarm/install/control/lib/python3.10/site-packages/control/utils
[1.873s] copying /home/el-system/swarm/build/control/build/lib/control/utils/control_.py -> /home/el-system/swarm/install/control/lib/python3.10/site-packages/control/utils
[1.874s] copying /home/el-system/swarm/build/control/build/lib/control/control2.py -> /home/el-system/swarm/install/control/lib/python3.10/site-packages/control
[1.874s] byte-compiling /home/el-system/swarm/install/control/lib/python3.10/site-packages/control/control1.py to control1.cpython-310.pyc
[1.875s] byte-compiling /home/el-system/swarm/install/control/lib/python3.10/site-packages/control/control3.py to control3.cpython-310.pyc
[1.876s] byte-compiling /home/el-system/swarm/install/control/lib/python3.10/site-packages/control/utils/__init__.py to __init__.cpython-310.pyc
[1.877s] byte-compiling /home/el-system/swarm/install/control/lib/python3.10/site-packages/control/utils/control_.py to control_.cpython-310.pyc
[1.880s] byte-compiling /home/el-system/swarm/install/control/lib/python3.10/site-packages/control/control2.py to control2.cpython-310.pyc
[1.881s] running install_data
[1.881s] copying resource/control -> /home/el-system/swarm/install/control/share/ament_index/resource_index/packages
[1.881s] copying package.xml -> /home/el-system/swarm/install/control/share/control
[1.882s] running install_egg_info
[1.920s] removing '/home/el-system/swarm/install/control/lib/python3.10/site-packages/control-0.0.0-py3.10.egg-info' (and everything under it)
[1.921s] Copying ../../build/control/control.egg-info to /home/el-system/swarm/install/control/lib/python3.10/site-packages/control-0.0.0-py3.10.egg-info
[1.922s] running install_scripts
[1.977s] Installing control1 script to /home/el-system/swarm/install/control/lib/control
[1.977s] Installing control2 script to /home/el-system/swarm/install/control/lib/control
[1.977s] Installing control3 script to /home/el-system/swarm/install/control/lib/control
[1.978s] writing list of installed files to '/home/el-system/swarm/build/control/install.log'
[2.022s] Invoked command in '/home/el-system/swarm/src/control' returned '0': PYTHONPATH=/home/el-system/swarm/build/control/prefix_override:/usr/lib/python3/dist-packages/colcon_core/task/python/colcon_distutils_commands:/home/el-system/swarm/install/control/lib/python3.10/site-packages:${PYTHONPATH} /usr/bin/python3 -W ignore:setup.py install is deprecated -W ignore:easy_install command is deprecated setup.py egg_info --egg-base ../../build/control build --build-base /home/el-system/swarm/build/control/build install --record /home/el-system/swarm/build/control/install.log --single-version-externally-managed install_data
