[1.805s] Invoking command in '/home/el-system/swarm/src/control': PYTHONPATH=/home/el-system/swarm/build/control/prefix_override:/usr/lib/python3/dist-packages/colcon_core/task/python/colcon_distutils_commands:/home/el-system/swarm/install/control/lib/python3.10/site-packages:${PYTHONPATH} /usr/bin/python3 -W ignore:setup.py install is deprecated -W ignore:easy_install command is deprecated setup.py egg_info --egg-base ../../build/control build --build-base /home/el-system/swarm/build/control/build install --record /home/el-system/swarm/build/control/install.log --single-version-externally-managed install_data
[2.267s] running egg_info
[2.299s] writing ../../build/control/control.egg-info/PKG-INFO
[2.300s] writing dependency_links to ../../build/control/control.egg-info/dependency_links.txt
[2.301s] writing entry points to ../../build/control/control.egg-info/entry_points.txt
[2.301s] writing requirements to ../../build/control/control.egg-info/requires.txt
[2.301s] writing top-level names to ../../build/control/control.egg-info/top_level.txt
[2.369s] reading manifest file '../../build/control/control.egg-info/SOURCES.txt'
[2.373s] writing manifest file '../../build/control/control.egg-info/SOURCES.txt'
[2.373s] running build
[2.374s] running build_py
[2.374s] copying control/__init__.py -> /home/el-system/swarm/build/control/build/lib/control
[2.374s] copying control/control1.py -> /home/el-system/swarm/build/control/build/lib/control
[2.374s] copying control/control3.py -> /home/el-system/swarm/build/control/build/lib/control
[2.375s] copying control/control2.py -> /home/el-system/swarm/build/control/build/lib/control
[2.375s] copying control/utils/__init__.py -> /home/el-system/swarm/build/control/build/lib/control/utils
[2.375s] copying control/utils/control_.py -> /home/el-system/swarm/build/control/build/lib/control/utils
[2.376s] running install
[2.383s] running install_lib
[2.424s] copying /home/el-system/swarm/build/control/build/lib/control/utils/control_.py -> /home/el-system/swarm/install/control/lib/python3.10/site-packages/control/utils
[2.425s] byte-compiling /home/el-system/swarm/install/control/lib/python3.10/site-packages/control/utils/control_.py to control_.cpython-310.pyc
[2.429s] running install_data
[2.429s] copying resource/control -> /home/el-system/swarm/install/control/share/ament_index/resource_index/packages
[2.430s] copying package.xml -> /home/el-system/swarm/install/control/share/control
[2.430s] running install_egg_info
[2.465s] removing '/home/el-system/swarm/install/control/lib/python3.10/site-packages/control-0.0.0-py3.10.egg-info' (and everything under it)
[2.465s] Copying ../../build/control/control.egg-info to /home/el-system/swarm/install/control/lib/python3.10/site-packages/control-0.0.0-py3.10.egg-info
[2.466s] running install_scripts
[2.530s] Installing control1 script to /home/el-system/swarm/install/control/lib/control
[2.530s] Installing control2 script to /home/el-system/swarm/install/control/lib/control
[2.530s] Installing control3 script to /home/el-system/swarm/install/control/lib/control
[2.531s] writing list of installed files to '/home/el-system/swarm/build/control/install.log'
[2.576s] Invoked command in '/home/el-system/swarm/src/control' returned '0': PYTHONPATH=/home/el-system/swarm/build/control/prefix_override:/usr/lib/python3/dist-packages/colcon_core/task/python/colcon_distutils_commands:/home/el-system/swarm/install/control/lib/python3.10/site-packages:${PYTHONPATH} /usr/bin/python3 -W ignore:setup.py install is deprecated -W ignore:easy_install command is deprecated setup.py egg_info --egg-base ../../build/control build --build-base /home/el-system/swarm/build/control/build install --record /home/el-system/swarm/build/control/install.log --single-version-externally-managed install_data
