running egg_info
writing ../../build/control/control.egg-info/PKG-INFO
writing dependency_links to ../../build/control/control.egg-info/dependency_links.txt
writing entry points to ../../build/control/control.egg-info/entry_points.txt
writing requirements to ../../build/control/control.egg-info/requires.txt
writing top-level names to ../../build/control/control.egg-info/top_level.txt
reading manifest file '../../build/control/control.egg-info/SOURCES.txt'
writing manifest file '../../build/control/control.egg-info/SOURCES.txt'
running build
running build_py
copying control/__init__.py -> /home/el-system/swarm/build/control/build/lib/control
copying control/control1.py -> /home/el-system/swarm/build/control/build/lib/control
copying control/control3.py -> /home/el-system/swarm/build/control/build/lib/control
copying control/control2.py -> /home/el-system/swarm/build/control/build/lib/control
copying control/utils/__init__.py -> /home/el-system/swarm/build/control/build/lib/control/utils
copying control/utils/control_.py -> /home/el-system/swarm/build/control/build/lib/control/utils
running install
running install_lib
copying /home/el-system/swarm/build/control/build/lib/control/control1.py -> /home/el-system/swarm/install/control/lib/python3.10/site-packages/control
copying /home/el-system/swarm/build/control/build/lib/control/control3.py -> /home/el-system/swarm/install/control/lib/python3.10/site-packages/control
copying /home/el-system/swarm/build/control/build/lib/control/utils/control_.py -> /home/el-system/swarm/install/control/lib/python3.10/site-packages/control/utils
copying /home/el-system/swarm/build/control/build/lib/control/control2.py -> /home/el-system/swarm/install/control/lib/python3.10/site-packages/control
byte-compiling /home/el-system/swarm/install/control/lib/python3.10/site-packages/control/control1.py to control1.cpython-310.pyc
byte-compiling /home/el-system/swarm/install/control/lib/python3.10/site-packages/control/control3.py to control3.cpython-310.pyc
byte-compiling /home/el-system/swarm/install/control/lib/python3.10/site-packages/control/utils/control_.py to control_.cpython-310.pyc
byte-compiling /home/el-system/swarm/install/control/lib/python3.10/site-packages/control/control2.py to control2.cpython-310.pyc
running install_data
copying resource/control -> /home/el-system/swarm/install/control/share/ament_index/resource_index/packages
copying package.xml -> /home/el-system/swarm/install/control/share/control
running install_egg_info
removing '/home/el-system/swarm/install/control/lib/python3.10/site-packages/control-0.0.0-py3.10.egg-info' (and everything under it)
Copying ../../build/control/control.egg-info to /home/el-system/swarm/install/control/lib/python3.10/site-packages/control-0.0.0-py3.10.egg-info
running install_scripts
Installing control1 script to /home/el-system/swarm/install/control/lib/control
Installing control2 script to /home/el-system/swarm/install/control/lib/control
Installing control3 script to /home/el-system/swarm/install/control/lib/control
writing list of installed files to '/home/el-system/swarm/build/control/install.log'
