/home/el-system/swarm/install/control/lib/python3.10/site-packages/control/__init__.py
/home/el-system/swarm/install/control/lib/python3.10/site-packages/control/control1.py
/home/el-system/swarm/install/control/lib/python3.10/site-packages/control/control3.py
/home/el-system/swarm/install/control/lib/python3.10/site-packages/control/control2.py
/home/el-system/swarm/install/control/lib/python3.10/site-packages/control/utils/__init__.py
/home/el-system/swarm/install/control/lib/python3.10/site-packages/control/utils/control_.py
/home/el-system/swarm/install/control/lib/python3.10/site-packages/control/__pycache__/__init__.cpython-310.pyc
/home/el-system/swarm/install/control/lib/python3.10/site-packages/control/__pycache__/control1.cpython-310.pyc
/home/el-system/swarm/install/control/lib/python3.10/site-packages/control/__pycache__/control3.cpython-310.pyc
/home/el-system/swarm/install/control/lib/python3.10/site-packages/control/__pycache__/control2.cpython-310.pyc
/home/el-system/swarm/install/control/lib/python3.10/site-packages/control/utils/__pycache__/__init__.cpython-310.pyc
/home/el-system/swarm/install/control/lib/python3.10/site-packages/control/utils/__pycache__/control_.cpython-310.pyc
/home/el-system/swarm/install/control/share/ament_index/resource_index/packages/control
/home/el-system/swarm/install/control/share/control/package.xml
/home/el-system/swarm/install/control/lib/python3.10/site-packages/control-0.0.0-py3.10.egg-info/requires.txt
/home/el-system/swarm/install/control/lib/python3.10/site-packages/control-0.0.0-py3.10.egg-info/top_level.txt
/home/el-system/swarm/install/control/lib/python3.10/site-packages/control-0.0.0-py3.10.egg-info/dependency_links.txt
/home/el-system/swarm/install/control/lib/python3.10/site-packages/control-0.0.0-py3.10.egg-info/SOURCES.txt
/home/el-system/swarm/install/control/lib/python3.10/site-packages/control-0.0.0-py3.10.egg-info/entry_points.txt
/home/el-system/swarm/install/control/lib/python3.10/site-packages/control-0.0.0-py3.10.egg-info/zip-safe
/home/el-system/swarm/install/control/lib/python3.10/site-packages/control-0.0.0-py3.10.egg-info/PKG-INFO
/home/el-system/swarm/install/control/lib/control/control1
/home/el-system/swarm/install/control/lib/control/control2
/home/el-system/swarm/install/control/lib/control/control3
